<?xml version="1.0" encoding="UTF-8"?>
<testsuite name="hello.thymeleaf.ThymeleafBasicApplicationTests" tests="1" skipped="0" failures="0" errors="0" timestamp="2023-07-24T07:52:07" hostname="johyeonhwaui-MacBookPro.local" time="0.651">
  <properties/>
  <testcase name="contextLoads()" classname="hello.thymeleaf.ThymeleafBasicApplicationTests" time="0.651"/>
  <system-out><![CDATA[16:52:02.625 [Test worker] DEBUG org.springframework.test.context.BootstrapUtils - Instantiating CacheAwareContextLoaderDelegate from class [org.springframework.test.context.cache.DefaultCacheAwareContextLoaderDelegate]
16:52:02.646 [Test worker] DEBUG org.springframework.test.context.BootstrapUtils - Instantiating BootstrapContext using constructor [public org.springframework.test.context.support.DefaultBootstrapContext(java.lang.Class,org.springframework.test.context.CacheAwareContextLoaderDelegate)]
16:52:02.698 [Test worker] DEBUG org.springframework.test.context.BootstrapUtils - Instantiating TestContextBootstrapper for test class [hello.thymeleaf.ThymeleafBasicApplicationTests] from class [org.springframework.boot.test.context.SpringBootTestContextBootstrapper]
16:52:02.715 [Test worker] INFO org.springframework.boot.test.context.SpringBootTestContextBootstrapper - Neither @ContextConfiguration nor @ContextHierarchy found for test class [hello.thymeleaf.ThymeleafBasicApplicationTests], using SpringBootContextLoader
16:52:02.719 [Test worker] DEBUG org.springframework.test.context.support.AbstractContextLoader - Did not detect default resource location for test class [hello.thymeleaf.ThymeleafBasicApplicationTests]: class path resource [hello/thymeleaf/ThymeleafBasicApplicationTests-context.xml] does not exist
16:52:02.720 [Test worker] DEBUG org.springframework.test.context.support.AbstractContextLoader - Did not detect default resource location for test class [hello.thymeleaf.ThymeleafBasicApplicationTests]: class path resource [hello/thymeleaf/ThymeleafBasicApplicationTestsContext.groovy] does not exist
16:52:02.720 [Test worker] INFO org.springframework.test.context.support.AbstractContextLoader - Could not detect default resource locations for test class [hello.thymeleaf.ThymeleafBasicApplicationTests]: no resource found for suffixes {-context.xml, Context.groovy}.
16:52:02.722 [Test worker] INFO org.springframework.test.context.support.AnnotationConfigContextLoaderUtils - Could not detect default configuration classes for test class [hello.thymeleaf.ThymeleafBasicApplicationTests]: ThymeleafBasicApplicationTests does not declare any static, non-private, non-final, nested classes annotated with @Configuration.
16:52:02.800 [Test worker] DEBUG org.springframework.test.context.support.ActiveProfilesUtils - Could not find an 'annotation declaring class' for annotation type [org.springframework.test.context.ActiveProfiles] and class [hello.thymeleaf.ThymeleafBasicApplicationTests]
16:52:02.885 [Test worker] DEBUG org.springframework.context.annotation.ClassPathScanningCandidateComponentProvider - Identified candidate component class: file [/Users/tomatocho/thymeleaf-basic/build/classes/java/main/hello/thymeleaf/ThymeleafBasicApplication.class]
16:52:02.887 [Test worker] INFO org.springframework.boot.test.context.SpringBootTestContextBootstrapper - Found @SpringBootConfiguration hello.thymeleaf.ThymeleafBasicApplication for test class hello.thymeleaf.ThymeleafBasicApplicationTests
16:52:03.049 [Test worker] DEBUG org.springframework.boot.test.context.SpringBootTestContextBootstrapper - @TestExecutionListeners is not present for class [hello.thymeleaf.ThymeleafBasicApplicationTests]: using defaults.
16:52:03.050 [Test worker] INFO org.springframework.boot.test.context.SpringBootTestContextBootstrapper - Loaded default TestExecutionListener class names from location [META-INF/spring.factories]: [org.springframework.boot.test.autoconfigure.restdocs.RestDocsTestExecutionListener, org.springframework.boot.test.autoconfigure.web.client.MockRestServiceServerResetTestExecutionListener, org.springframework.boot.test.autoconfigure.web.servlet.MockMvcPrintOnlyOnFailureTestExecutionListener, org.springframework.boot.test.autoconfigure.web.servlet.WebDriverTestExecutionListener, org.springframework.boot.test.autoconfigure.webservices.client.MockWebServiceServerTestExecutionListener, org.springframework.boot.test.mock.mockito.MockitoTestExecutionListener, org.springframework.boot.test.mock.mockito.ResetMocksTestExecutionListener, org.springframework.test.context.web.ServletTestExecutionListener, org.springframework.test.context.support.DirtiesContextBeforeModesTestExecutionListener, org.springframework.test.context.event.ApplicationEventsTestExecutionListener, org.springframework.test.context.support.DependencyInjectionTestExecutionListener, org.springframework.test.context.support.DirtiesContextTestExecutionListener, org.springframework.test.context.transaction.TransactionalTestExecutionListener, org.springframework.test.context.jdbc.SqlScriptsTestExecutionListener, org.springframework.test.context.event.EventPublishingTestExecutionListener]
16:52:03.076 [Test worker] DEBUG org.springframework.boot.test.context.SpringBootTestContextBootstrapper - Skipping candidate TestExecutionListener [org.springframework.test.context.transaction.TransactionalTestExecutionListener] due to a missing dependency. Specify custom listener classes or make the default listener classes and their required dependencies available. Offending class: [org/springframework/transaction/TransactionDefinition]
16:52:03.077 [Test worker] DEBUG org.springframework.boot.test.context.SpringBootTestContextBootstrapper - Skipping candidate TestExecutionListener [org.springframework.test.context.jdbc.SqlScriptsTestExecutionListener] due to a missing dependency. Specify custom listener classes or make the default listener classes and their required dependencies available. Offending class: [org/springframework/transaction/interceptor/TransactionAttribute]
16:52:03.078 [Test worker] INFO org.springframework.boot.test.context.SpringBootTestContextBootstrapper - Using TestExecutionListeners: [org.springframework.test.context.web.ServletTestExecutionListener@7a0e1b5e, org.springframework.test.context.support.DirtiesContextBeforeModesTestExecutionListener@702ed190, org.springframework.test.context.event.ApplicationEventsTestExecutionListener@173b9122, org.springframework.boot.test.mock.mockito.MockitoTestExecutionListener@7c18432b, org.springframework.boot.test.autoconfigure.SpringBootDependencyInjectionTestExecutionListener@7646731d, org.springframework.test.context.support.DirtiesContextTestExecutionListener@70e29e14, org.springframework.test.context.event.EventPublishingTestExecutionListener@3b1bb3ab, org.springframework.boot.test.autoconfigure.restdocs.RestDocsTestExecutionListener@5a4bef8, org.springframework.boot.test.autoconfigure.web.client.MockRestServiceServerResetTestExecutionListener@40bffbca, org.springframework.boot.test.autoconfigure.web.servlet.MockMvcPrintOnlyOnFailureTestExecutionListener@2449cff7, org.springframework.boot.test.autoconfigure.web.servlet.WebDriverTestExecutionListener@42a9a63e, org.springframework.boot.test.autoconfigure.webservices.client.MockWebServiceServerTestExecutionListener@62da83ed, org.springframework.boot.test.mock.mockito.ResetMocksTestExecutionListener@5d8445d7]
16:52:03.085 [Test worker] DEBUG org.springframework.test.context.support.AbstractDirtiesContextTestExecutionListener - Before test class: context [DefaultTestContext@241a53ef testClass = ThymeleafBasicApplicationTests, testInstance = [null], testMethod = [null], testException = [null], mergedContextConfiguration = [WebMergedContextConfiguration@344344fa testClass = ThymeleafBasicApplicationTests, locations = '{}', classes = '{class hello.thymeleaf.ThymeleafBasicApplication}', contextInitializerClasses = '[]', activeProfiles = '{}', propertySourceLocations = '{}', propertySourceProperties = '{org.springframework.boot.test.context.SpringBootTestContextBootstrapper=true}', contextCustomizers = set[org.springframework.boot.test.autoconfigure.actuate.metrics.MetricsExportContextCustomizerFactory$DisableMetricExportContextCustomizer@f001896, org.springframework.boot.test.autoconfigure.properties.PropertyMappingContextCustomizer@0, org.springframework.boot.test.autoconfigure.web.servlet.WebDriverContextCustomizerFactory$Customizer@3542162a, org.springframework.boot.test.context.filter.ExcludeFilterContextCustomizer@5bd82fed, org.springframework.boot.test.json.DuplicateJsonObjectContextCustomizerFactory$DuplicateJsonObjectContextCustomizer@549949be, org.springframework.boot.test.mock.mockito.MockitoContextCustomizer@0, org.springframework.boot.test.web.client.TestRestTemplateContextCustomizer@4189d70b, org.springframework.boot.test.context.SpringBootTestArgs@1, org.springframework.boot.test.context.SpringBootTestWebEnvironment@3e78b6a5], resourceBasePath = 'src/main/webapp', contextLoader = 'org.springframework.boot.test.context.SpringBootContextLoader', parent = [null]], attributes = map['org.springframework.test.context.web.ServletTestExecutionListener.activateListener' -> true]], class annotated with @DirtiesContext [false] with mode [null].

  .   ____          _            __ _ _
 /\\ / ___'_ __ _ _(_)_ __  __ _ \ \ \ \
( ( )\___ | '_ | '_| | '_ \/ _` | \ \ \ \
 \\/  ___)| |_)| | | | | || (_| |  ) ) ) )
  '  |____| .__|_| |_|_| |_\__, | / / / /
 =========|_|==============|___/=/_/_/_/
 :: Spring Boot ::               (v2.7.14)

2023-07-24 16:52:03.762  INFO 47234 --- [    Test worker] h.t.ThymeleafBasicApplicationTests       : Starting ThymeleafBasicApplicationTests using Java 11.0.15 on johyeonhwaui-MacBookPro.local with PID 47234 (started by tomatocho in /Users/tomatocho/thymeleaf-basic)
2023-07-24 16:52:03.764  INFO 47234 --- [    Test worker] h.t.ThymeleafBasicApplicationTests       : No active profile set, falling back to 1 default profile: "default"
2023-07-24 16:52:06.463  INFO 47234 --- [    Test worker] o.s.b.a.w.s.WelcomePageHandlerMapping    : Adding welcome page: class path resource [static/index.html]
2023-07-24 16:52:07.049  INFO 47234 --- [    Test worker] h.t.ThymeleafBasicApplicationTests       : Started ThymeleafBasicApplicationTests in 3.908 seconds (JVM running for 5.78)
]]></system-out>
  <system-err><![CDATA[]]></system-err>
</testsuite>
